  % Total    % Received % Xferd  Average Speed   Time    Time     Time  Current
                                 Dload  Upload   Total   Spent    Left  Speed
  0     0    0     0    0     0      0      0 --:--:-- --:--:-- --:--:--     0*   Trying 18.117.83.167...
* TCP_NODELAY set
* Connected to ec2-18-117-83-167.us-east-2.compute.amazonaws.com (18.117.83.167) port 80 (#0)
> GET /accounts/login/ HTTP/1.1
> Host: ec2-18-117-83-167.us-east-2.compute.amazonaws.com
> User-Agent: curl/7.64.1
> Accept: */*
> 
< HTTP/1.1 200 OK
< Server: nginx/1.18.0 (Ubuntu)
< Date: Sun, 26 Sep 2021 06:50:55 GMT
< Content-Type: text/html; charset=utf-8
< Content-Length: 1261
< Connection: keep-alive
< 
{ [1261 bytes data]
100  1261  100  1261    0     0  18544      0 --:--:-- --:--:-- --:--:-- 18544
* Connection #0 to host ec2-18-117-83-167.us-east-2.compute.amazonaws.com left intact
* Closing connection 0
